This file contains any messages produced by compilers while
running configure, to aid debugging if configure makes a mistake.

It was created by configure, which was
generated by GNU Autoconf 2.69.  Invocation command line was

  $ ./configure --prefix=/home/bogo/Desktop/Geofence/log4c

## --------- ##
## Platform. ##
## --------- ##

hostname = bogopc
uname -m = x86_64
uname -r = 3.19.0-59-generic
uname -s = Linux
uname -v = #66~14.04.1-Ubuntu SMP Fri May 13 17:27:10 UTC 2016

/usr/bin/uname -p = unknown
/bin/uname -X     = unknown

/bin/arch              = unknown
/usr/bin/arch -k       = unknown
/usr/convex/getsysinfo = unknown
/usr/bin/hostinfo      = unknown
/bin/machine           = unknown
/usr/bin/oslevel       = unknown
/bin/universe          = unknown

PATH: /usr/local/sbin
PATH: /usr/local/bin
PATH: /usr/sbin
PATH: /usr/bin
PATH: /sbin
PATH: /bin
PATH: /usr/games
PATH: /usr/local/games
PATH: /usr/java/jdk1.8.0_73/bin


## ----------- ##
## Core tests. ##
## ----------- ##

configure:2573: checking for a BSD-compatible install
configure:2641: result: /usr/bin/install -c
configure:2652: checking whether build environment is sane
configure:2707: result: yes
configure:2858: checking for a thread-safe mkdir -p
configure:2897: result: /bin/mkdir -p
configure:2904: checking for gawk
configure:2934: result: no
configure:2904: checking for mawk
configure:2920: found /usr/bin/mawk
configure:2931: result: mawk
configure:2942: checking whether make sets $(MAKE)
configure:2964: result: yes
configure:2993: checking whether make supports nested variables
configure:3010: result: yes
configure:3100: checking build system type
configure:3114: result: x86_64-unknown-linux-gnu
configure:3134: checking host system type
configure:3147: result: x86_64-unknown-linux-gnu
configure:3180: checking for bison
configure:3210: result: no
configure:3180: checking for byacc
configure:3210: result: no
configure:3267: checking for gcc
configure:3283: found /usr/bin/gcc
configure:3294: result: gcc
configure:3523: checking for C compiler version
configure:3532: gcc --version >&5
gcc (Ubuntu 4.8.4-2ubuntu1~14.04.3) 4.8.4
Copyright (C) 2013 Free Software Foundation, Inc.
This is free software; see the source for copying conditions.  There is NO
warranty; not even for MERCHANTABILITY or FITNESS FOR A PARTICULAR PURPOSE.

configure:3543: $? = 0
configure:3532: gcc -v >&5
Using built-in specs.
COLLECT_GCC=gcc
COLLECT_LTO_WRAPPER=/usr/lib/gcc/x86_64-linux-gnu/4.8/lto-wrapper
Target: x86_64-linux-gnu
Configured with: ../src/configure -v --with-pkgversion='Ubuntu 4.8.4-2ubuntu1~14.04.3' --with-bugurl=file:///usr/share/doc/gcc-4.8/README.Bugs --enable-languages=c,c++,java,go,d,fortran,objc,obj-c++ --prefix=/usr --program-suffix=-4.8 --enable-shared --enable-linker-build-id --libexecdir=/usr/lib --without-included-gettext --enable-threads=posix --with-gxx-include-dir=/usr/include/c++/4.8 --libdir=/usr/lib --enable-nls --with-sysroot=/ --enable-clocale=gnu --enable-libstdcxx-debug --enable-libstdcxx-time=yes --enable-gnu-unique-object --disable-libmudflap --enable-plugin --with-system-zlib --disable-browser-plugin --enable-java-awt=gtk --enable-gtk-cairo --with-java-home=/usr/lib/jvm/java-1.5.0-gcj-4.8-amd64/jre --enable-java-home --with-jvm-root-dir=/usr/lib/jvm/java-1.5.0-gcj-4.8-amd64 --with-jvm-jar-dir=/usr/lib/jvm-exports/java-1.5.0-gcj-4.8-amd64 --with-arch-directory=amd64 --with-ecj-jar=/usr/share/java/eclipse-ecj.jar --enable-objc-gc --enable-multiarch --disable-werror --with-arch-32=i686 --with-abi=m64 --with-multilib-list=m32,m64,mx32 --with-tune=generic --enable-checking=release --build=x86_64-linux-gnu --host=x86_64-linux-gnu --target=x86_64-linux-gnu
Thread model: posix
gcc version 4.8.4 (Ubuntu 4.8.4-2ubuntu1~14.04.3) 
configure:3543: $? = 0
configure:3532: gcc -V >&5
gcc: error: unrecognized command line option '-V'
gcc: fatal error: no input files
compilation terminated.
configure:3543: $? = 4
configure:3532: gcc -qversion >&5
gcc: error: unrecognized command line option '-qversion'
gcc: fatal error: no input files
compilation terminated.
configure:3543: $? = 4
configure:3563: checking whether the C compiler works
configure:3585: gcc    conftest.c  >&5
configure:3589: $? = 0
configure:3637: result: yes
configure:3640: checking for C compiler default output file name
configure:3642: result: a.out
configure:3648: checking for suffix of executables
configure:3655: gcc -o conftest    conftest.c  >&5
configure:3659: $? = 0
configure:3681: result: 
configure:3703: checking whether we are cross compiling
configure:3711: gcc -o conftest    conftest.c  >&5
configure:3715: $? = 0
configure:3722: ./conftest
configure:3726: $? = 0
configure:3741: result: no
configure:3746: checking for suffix of object files
configure:3768: gcc -c   conftest.c >&5
configure:3772: $? = 0
configure:3793: result: o
configure:3797: checking whether we are using the GNU C compiler
configure:3816: gcc -c   conftest.c >&5
configure:3816: $? = 0
configure:3825: result: yes
configure:3834: checking whether gcc accepts -g
configure:3854: gcc -c -g  conftest.c >&5
configure:3854: $? = 0
configure:3895: result: yes
configure:3912: checking for gcc option to accept ISO C89
configure:3975: gcc  -c -g -O2  conftest.c >&5
configure:3975: $? = 0
configure:3988: result: none needed
configure:4019: checking for style of include used by make
configure:4047: result: GNU
configure:4073: checking dependency style of gcc
configure:4184: result: gcc3
configure:4204: checking how to run the C preprocessor
configure:4235: gcc -E  conftest.c
configure:4235: $? = 0
configure:4249: gcc -E  conftest.c
conftest.c:12:28: fatal error: ac_nonexistent.h: No such file or directory
 #include <ac_nonexistent.h>
                            ^
compilation terminated.
configure:4249: $? = 1
configure: failed program was:
| /* confdefs.h */
| #define PACKAGE_NAME ""
| #define PACKAGE_TARNAME ""
| #define PACKAGE_VERSION ""
| #define PACKAGE_STRING ""
| #define PACKAGE_BUGREPORT ""
| #define PACKAGE_URL ""
| #define PACKAGE "log4c"
| #define VERSION "1.2.4"
| #define _GNU_SOURCE 1
| /* end confdefs.h.  */
| #include <ac_nonexistent.h>
configure:4274: result: gcc -E
configure:4294: gcc -E  conftest.c
configure:4294: $? = 0
configure:4308: gcc -E  conftest.c
conftest.c:12:28: fatal error: ac_nonexistent.h: No such file or directory
 #include <ac_nonexistent.h>
                            ^
compilation terminated.
configure:4308: $? = 1
configure: failed program was:
| /* confdefs.h */
| #define PACKAGE_NAME ""
| #define PACKAGE_TARNAME ""
| #define PACKAGE_VERSION ""
| #define PACKAGE_STRING ""
| #define PACKAGE_BUGREPORT ""
| #define PACKAGE_URL ""
| #define PACKAGE "log4c"
| #define VERSION "1.2.4"
| #define _GNU_SOURCE 1
| /* end confdefs.h.  */
| #include <ac_nonexistent.h>
configure:4394: checking for g++
configure:4410: found /usr/bin/g++
configure:4421: result: g++
configure:4448: checking for C++ compiler version
configure:4457: g++ --version >&5
g++ (Ubuntu 4.8.4-2ubuntu1~14.04.3) 4.8.4
Copyright (C) 2013 Free Software Foundation, Inc.
This is free software; see the source for copying conditions.  There is NO
warranty; not even for MERCHANTABILITY or FITNESS FOR A PARTICULAR PURPOSE.

configure:4468: $? = 0
configure:4457: g++ -v >&5
Using built-in specs.
COLLECT_GCC=g++
COLLECT_LTO_WRAPPER=/usr/lib/gcc/x86_64-linux-gnu/4.8/lto-wrapper
Target: x86_64-linux-gnu
Configured with: ../src/configure -v --with-pkgversion='Ubuntu 4.8.4-2ubuntu1~14.04.3' --with-bugurl=file:///usr/share/doc/gcc-4.8/README.Bugs --enable-languages=c,c++,java,go,d,fortran,objc,obj-c++ --prefix=/usr --program-suffix=-4.8 --enable-shared --enable-linker-build-id --libexecdir=/usr/lib --without-included-gettext --enable-threads=posix --with-gxx-include-dir=/usr/include/c++/4.8 --libdir=/usr/lib --enable-nls --with-sysroot=/ --enable-clocale=gnu --enable-libstdcxx-debug --enable-libstdcxx-time=yes --enable-gnu-unique-object --disable-libmudflap --enable-plugin --with-system-zlib --disable-browser-plugin --enable-java-awt=gtk --enable-gtk-cairo --with-java-home=/usr/lib/jvm/java-1.5.0-gcj-4.8-amd64/jre --enable-java-home --with-jvm-root-dir=/usr/lib/jvm/java-1.5.0-gcj-4.8-amd64 --with-jvm-jar-dir=/usr/lib/jvm-exports/java-1.5.0-gcj-4.8-amd64 --with-arch-directory=amd64 --with-ecj-jar=/usr/share/java/eclipse-ecj.jar --enable-objc-gc --enable-multiarch --disable-werror --with-arch-32=i686 --with-abi=m64 --with-multilib-list=m32,m64,mx32 --with-tune=generic --enable-checking=release --build=x86_64-linux-gnu --host=x86_64-linux-gnu --target=x86_64-linux-gnu
Thread model: posix
gcc version 4.8.4 (Ubuntu 4.8.4-2ubuntu1~14.04.3) 
configure:4468: $? = 0
configure:4457: g++ -V >&5
g++: error: unrecognized command line option '-V'
g++: fatal error: no input files
compilation terminated.
configure:4468: $? = 4
configure:4457: g++ -qversion >&5
g++: error: unrecognized command line option '-qversion'
g++: fatal error: no input files
compilation terminated.
configure:4468: $? = 4
configure:4472: checking whether we are using the GNU C++ compiler
configure:4491: g++ -c   conftest.cpp >&5
configure:4491: $? = 0
configure:4500: result: yes
configure:4509: checking whether g++ accepts -g
configure:4529: g++ -c -g  conftest.cpp >&5
configure:4529: $? = 0
configure:4570: result: yes
configure:4595: checking dependency style of g++
configure:4706: result: gcc3
configure:4726: checking for flex
configure:4756: result: no
configure:4726: checking for lex
configure:4756: result: no
configure:4888: checking for gawk
configure:4915: result: mawk
configure:4927: checking whether ln -s works
configure:4931: result: yes
configure:4938: checking whether make sets $(MAKE)
configure:4960: result: yes
configure:5015: checking how to print strings
configure:5042: result: printf
configure:5063: checking for a sed that does not truncate output
configure:5127: result: /bin/sed
configure:5145: checking for grep that handles long lines and -e
configure:5203: result: /bin/grep
configure:5208: checking for egrep
configure:5270: result: /bin/grep -E
configure:5275: checking for fgrep
configure:5337: result: /bin/grep -F
configure:5372: checking for ld used by gcc
configure:5439: result: /usr/bin/ld
configure:5446: checking if the linker (/usr/bin/ld) is GNU ld
configure:5461: result: yes
configure:5473: checking for BSD- or MS-compatible name lister (nm)
configure:5522: result: /usr/bin/nm -B
configure:5652: checking the name lister (/usr/bin/nm -B) interface
configure:5659: gcc -c -g -O2  conftest.c >&5
configure:5662: /usr/bin/nm -B "conftest.o"
configure:5665: output
0000000000000000 B some_variable
configure:5672: result: BSD nm
configure:5676: checking the maximum length of command line arguments
configure:5806: result: 1572864
configure:5823: checking whether the shell understands some XSI constructs
configure:5833: result: yes
configure:5837: checking whether the shell understands "+="
configure:5843: result: yes
configure:5878: checking how to convert x86_64-unknown-linux-gnu file names to x86_64-unknown-linux-gnu format
configure:5918: result: func_convert_file_noop
configure:5925: checking how to convert x86_64-unknown-linux-gnu file names to toolchain format
configure:5945: result: func_convert_file_noop
configure:5952: checking for /usr/bin/ld option to reload object files
configure:5959: result: -r
configure:6033: checking for objdump
configure:6049: found /usr/bin/objdump
configure:6060: result: objdump
configure:6092: checking how to recognize dependent libraries
configure:6294: result: pass_all
configure:6379: checking for dlltool
configure:6409: result: no
configure:6439: checking how to associate runtime and link libraries
configure:6466: result: printf %s\n
configure:6526: checking for ar
configure:6542: found /usr/bin/ar
configure:6553: result: ar
configure:6590: checking for archiver @FILE support
configure:6607: gcc -c -g -O2  conftest.c >&5
configure:6607: $? = 0
configure:6610: ar cru libconftest.a @conftest.lst >&5
configure:6613: $? = 0
configure:6618: ar cru libconftest.a @conftest.lst >&5
ar: conftest.o: No such file or directory
configure:6621: $? = 1
configure:6633: result: @
configure:6691: checking for strip
configure:6707: found /usr/bin/strip
configure:6718: result: strip
configure:6790: checking for ranlib
configure:6806: found /usr/bin/ranlib
configure:6817: result: ranlib
configure:6919: checking command to parse /usr/bin/nm -B output from gcc object
configure:7039: gcc -c -g -O2  conftest.c >&5
configure:7042: $? = 0
configure:7046: /usr/bin/nm -B conftest.o \| sed -n -e 's/^.*[ ]\([ABCDGIRSTW][ABCDGIRSTW]*\)[ ][ ]*\([_A-Za-z][_A-Za-z0-9]*\)$/\1 \2 \2/p' | sed '/ __gnu_lto/d' \> conftest.nm
configure:7049: $? = 0
configure:7115: gcc -o conftest -g -O2   conftest.c conftstm.o >&5
configure:7118: $? = 0
configure:7156: result: ok
configure:7193: checking for sysroot
configure:7223: result: no
configure:7300: gcc -c -g -O2  conftest.c >&5
configure:7303: $? = 0
configure:7479: checking for mt
configure:7495: found /bin/mt
configure:7506: result: mt
configure:7529: checking if mt is a manifest tool
configure:7535: mt '-?'
configure:7543: result: no
configure:8181: checking for ANSI C header files
configure:8201: gcc -c -g -O2  conftest.c >&5
configure:8201: $? = 0
configure:8274: gcc -o conftest -g -O2   conftest.c  >&5
configure:8274: $? = 0
configure:8274: ./conftest
configure:8274: $? = 0
configure:8285: result: yes
configure:8298: checking for sys/types.h
configure:8298: gcc -c -g -O2  conftest.c >&5
configure:8298: $? = 0
configure:8298: result: yes
configure:8298: checking for sys/stat.h
configure:8298: gcc -c -g -O2  conftest.c >&5
configure:8298: $? = 0
configure:8298: result: yes
configure:8298: checking for stdlib.h
configure:8298: gcc -c -g -O2  conftest.c >&5
configure:8298: $? = 0
configure:8298: result: yes
configure:8298: checking for string.h
configure:8298: gcc -c -g -O2  conftest.c >&5
configure:8298: $? = 0
configure:8298: result: yes
configure:8298: checking for memory.h
configure:8298: gcc -c -g -O2  conftest.c >&5
configure:8298: $? = 0
configure:8298: result: yes
configure:8298: checking for strings.h
configure:8298: gcc -c -g -O2  conftest.c >&5
configure:8298: $? = 0
configure:8298: result: yes
configure:8298: checking for inttypes.h
configure:8298: gcc -c -g -O2  conftest.c >&5
configure:8298: $? = 0
configure:8298: result: yes
configure:8298: checking for stdint.h
configure:8298: gcc -c -g -O2  conftest.c >&5
configure:8298: $? = 0
configure:8298: result: yes
configure:8298: checking for unistd.h
configure:8298: gcc -c -g -O2  conftest.c >&5
configure:8298: $? = 0
configure:8298: result: yes
configure:8312: checking for dlfcn.h
configure:8312: gcc -c -g -O2  conftest.c >&5
configure:8312: $? = 0
configure:8312: result: yes
configure:8529: checking for objdir
configure:8544: result: .libs
configure:8815: checking if gcc supports -fno-rtti -fno-exceptions
configure:8833: gcc -c -g -O2  -fno-rtti -fno-exceptions conftest.c >&5
cc1: warning: command line option '-fno-rtti' is valid for C++/ObjC++ but not for C [enabled by default]
configure:8837: $? = 0
configure:8850: result: no
configure:9177: checking for gcc option to produce PIC
configure:9184: result: -fPIC -DPIC
configure:9192: checking if gcc PIC flag -fPIC -DPIC works
configure:9210: gcc -c -g -O2  -fPIC -DPIC -DPIC conftest.c >&5
configure:9214: $? = 0
configure:9227: result: yes
configure:9256: checking if gcc static flag -static works
configure:9284: result: yes
configure:9299: checking if gcc supports -c -o file.o
configure:9320: gcc -c -g -O2  -o out/conftest2.o conftest.c >&5
configure:9324: $? = 0
configure:9346: result: yes
configure:9354: checking if gcc supports -c -o file.o
configure:9401: result: yes
configure:9434: checking whether the gcc linker (/usr/bin/ld -m elf_x86_64) supports shared libraries
configure:10587: result: yes
configure:10624: checking whether -lc should be explicitly linked in
configure:10632: gcc -c -g -O2  conftest.c >&5
configure:10635: $? = 0
configure:10650: gcc -shared  -fPIC -DPIC conftest.o  -v -Wl,-soname -Wl,conftest -o conftest 2\>\&1 \| /bin/grep  -lc  \>/dev/null 2\>\&1
configure:10653: $? = 0
configure:10667: result: no
configure:10827: checking dynamic linker characteristics
configure:11338: gcc -o conftest -g -O2   -Wl,-rpath -Wl,/foo conftest.c  >&5
configure:11338: $? = 0
configure:11564: result: GNU/Linux ld.so
configure:11671: checking how to hardcode library paths into programs
configure:11696: result: immediate
configure:12236: checking whether stripping libraries is possible
configure:12241: result: yes
configure:12276: checking if libtool supports shared libraries
configure:12278: result: yes
configure:12281: checking whether to build shared libraries
configure:12302: result: yes
configure:12305: checking whether to build static libraries
configure:12309: result: yes
configure:12332: checking how to run the C++ preprocessor
configure:12359: g++ -E  conftest.cpp
configure:12359: $? = 0
configure:12373: g++ -E  conftest.cpp
conftest.cpp:24:28: fatal error: ac_nonexistent.h: No such file or directory
 #include <ac_nonexistent.h>
                            ^
compilation terminated.
configure:12373: $? = 1
configure: failed program was:
| /* confdefs.h */
| #define PACKAGE_NAME ""
| #define PACKAGE_TARNAME ""
| #define PACKAGE_VERSION ""
| #define PACKAGE_STRING ""
| #define PACKAGE_BUGREPORT ""
| #define PACKAGE_URL ""
| #define PACKAGE "log4c"
| #define VERSION "1.2.4"
| #define _GNU_SOURCE 1
| #define STDC_HEADERS 1
| #define HAVE_SYS_TYPES_H 1
| #define HAVE_SYS_STAT_H 1
| #define HAVE_STDLIB_H 1
| #define HAVE_STRING_H 1
| #define HAVE_MEMORY_H 1
| #define HAVE_STRINGS_H 1
| #define HAVE_INTTYPES_H 1
| #define HAVE_STDINT_H 1
| #define HAVE_UNISTD_H 1
| #define HAVE_DLFCN_H 1
| #define LT_OBJDIR ".libs/"
| /* end confdefs.h.  */
| #include <ac_nonexistent.h>
configure:12398: result: g++ -E
configure:12418: g++ -E  conftest.cpp
configure:12418: $? = 0
configure:12432: g++ -E  conftest.cpp
conftest.cpp:24:28: fatal error: ac_nonexistent.h: No such file or directory
 #include <ac_nonexistent.h>
                            ^
compilation terminated.
configure:12432: $? = 1
configure: failed program was:
| /* confdefs.h */
| #define PACKAGE_NAME ""
| #define PACKAGE_TARNAME ""
| #define PACKAGE_VERSION ""
| #define PACKAGE_STRING ""
| #define PACKAGE_BUGREPORT ""
| #define PACKAGE_URL ""
| #define PACKAGE "log4c"
| #define VERSION "1.2.4"
| #define _GNU_SOURCE 1
| #define STDC_HEADERS 1
| #define HAVE_SYS_TYPES_H 1
| #define HAVE_SYS_STAT_H 1
| #define HAVE_STDLIB_H 1
| #define HAVE_STRING_H 1
| #define HAVE_MEMORY_H 1
| #define HAVE_STRINGS_H 1
| #define HAVE_INTTYPES_H 1
| #define HAVE_STDINT_H 1
| #define HAVE_UNISTD_H 1
| #define HAVE_DLFCN_H 1
| #define LT_OBJDIR ".libs/"
| /* end confdefs.h.  */
| #include <ac_nonexistent.h>
configure:12601: checking for ld used by g++
configure:12668: result: /usr/bin/ld -m elf_x86_64
configure:12675: checking if the linker (/usr/bin/ld -m elf_x86_64) is GNU ld
configure:12690: result: yes
configure:12745: checking whether the g++ linker (/usr/bin/ld -m elf_x86_64) supports shared libraries
configure:13750: result: yes
configure:13786: g++ -c -g -O2  conftest.cpp >&5
configure:13789: $? = 0
configure:14309: checking for g++ option to produce PIC
configure:14316: result: -fPIC -DPIC
configure:14324: checking if g++ PIC flag -fPIC -DPIC works
configure:14342: g++ -c -g -O2  -fPIC -DPIC -DPIC conftest.cpp >&5
configure:14346: $? = 0
configure:14359: result: yes
configure:14382: checking if g++ static flag -static works
configure:14410: result: yes
configure:14422: checking if g++ supports -c -o file.o
configure:14443: g++ -c -g -O2  -o out/conftest2.o conftest.cpp >&5
configure:14447: $? = 0
configure:14469: result: yes
configure:14474: checking if g++ supports -c -o file.o
configure:14521: result: yes
configure:14551: checking whether the g++ linker (/usr/bin/ld -m elf_x86_64) supports shared libraries
configure:14587: result: yes
configure:14728: checking dynamic linker characteristics
configure:15399: result: GNU/Linux ld.so
configure:15452: checking how to hardcode library paths into programs
configure:15477: result: immediate
configure:15600: checking pthread.h usability
configure:15600: gcc -c -g -O2 -Wall  conftest.c >&5
configure:15600: $? = 0
configure:15600: result: yes
configure:15600: checking pthread.h presence
configure:15600: gcc -E  conftest.c
configure:15600: $? = 0
configure:15600: result: yes
configure:15600: checking for pthread.h
configure:15600: result: yes
configure:15603: checking for pthread_mutex_init in -lpthread
configure:15628: gcc -o conftest -g -O2 -Wall   conftest.c -lpthread   >&5
configure:15628: $? = 0
configure:15637: result: yes
configure:15645: Compile with rollingfile code
configure:15691: checking for ANSI C header files
configure:15795: result: yes
configure:15808: checking alloc.h usability
configure:15808: gcc -c -g -O2 -Wall  conftest.c >&5
conftest.c:59:19: fatal error: alloc.h: No such file or directory
 #include <alloc.h>
                   ^
compilation terminated.
configure:15808: $? = 1
configure: failed program was:
| /* confdefs.h */
| #define PACKAGE_NAME ""
| #define PACKAGE_TARNAME ""
| #define PACKAGE_VERSION ""
| #define PACKAGE_STRING ""
| #define PACKAGE_BUGREPORT ""
| #define PACKAGE_URL ""
| #define PACKAGE "log4c"
| #define VERSION "1.2.4"
| #define _GNU_SOURCE 1
| #define STDC_HEADERS 1
| #define HAVE_SYS_TYPES_H 1
| #define HAVE_SYS_STAT_H 1
| #define HAVE_STDLIB_H 1
| #define HAVE_STRING_H 1
| #define HAVE_MEMORY_H 1
| #define HAVE_STRINGS_H 1
| #define HAVE_INTTYPES_H 1
| #define HAVE_STDINT_H 1
| #define HAVE_UNISTD_H 1
| #define HAVE_DLFCN_H 1
| #define LT_OBJDIR ".libs/"
| #define WITH_ROLLINGFILE /**/
| #define STDC_HEADERS 1
| /* end confdefs.h.  */
| #include <stdio.h>
| #ifdef HAVE_SYS_TYPES_H
| # include <sys/types.h>
| #endif
| #ifdef HAVE_SYS_STAT_H
| # include <sys/stat.h>
| #endif
| #ifdef STDC_HEADERS
| # include <stdlib.h>
| # include <stddef.h>
| #else
| # ifdef HAVE_STDLIB_H
| #  include <stdlib.h>
| # endif
| #endif
| #ifdef HAVE_STRING_H
| # if !defined STDC_HEADERS && defined HAVE_MEMORY_H
| #  include <memory.h>
| # endif
| # include <string.h>
| #endif
| #ifdef HAVE_STRINGS_H
| # include <strings.h>
| #endif
| #ifdef HAVE_INTTYPES_H
| # include <inttypes.h>
| #endif
| #ifdef HAVE_STDINT_H
| # include <stdint.h>
| #endif
| #ifdef HAVE_UNISTD_H
| # include <unistd.h>
| #endif
| #include <alloc.h>
configure:15808: result: no
configure:15808: checking alloc.h presence
configure:15808: gcc -E  conftest.c
conftest.c:26:19: fatal error: alloc.h: No such file or directory
 #include <alloc.h>
                   ^
compilation terminated.
configure:15808: $? = 1
configure: failed program was:
| /* confdefs.h */
| #define PACKAGE_NAME ""
| #define PACKAGE_TARNAME ""
| #define PACKAGE_VERSION ""
| #define PACKAGE_STRING ""
| #define PACKAGE_BUGREPORT ""
| #define PACKAGE_URL ""
| #define PACKAGE "log4c"
| #define VERSION "1.2.4"
| #define _GNU_SOURCE 1
| #define STDC_HEADERS 1
| #define HAVE_SYS_TYPES_H 1
| #define HAVE_SYS_STAT_H 1
| #define HAVE_STDLIB_H 1
| #define HAVE_STRING_H 1
| #define HAVE_MEMORY_H 1
| #define HAVE_STRINGS_H 1
| #define HAVE_INTTYPES_H 1
| #define HAVE_STDINT_H 1
| #define HAVE_UNISTD_H 1
| #define HAVE_DLFCN_H 1
| #define LT_OBJDIR ".libs/"
| #define WITH_ROLLINGFILE /**/
| #define STDC_HEADERS 1
| /* end confdefs.h.  */
| #include <alloc.h>
configure:15808: result: no
configure:15808: checking for alloc.h
configure:15808: result: no
configure:15808: checking fcntl.h usability
configure:15808: gcc -c -g -O2 -Wall  conftest.c >&5
configure:15808: $? = 0
configure:15808: result: yes
configure:15808: checking fcntl.h presence
configure:15808: gcc -E  conftest.c
configure:15808: $? = 0
configure:15808: result: yes
configure:15808: checking for fcntl.h
configure:15808: result: yes
configure:15808: checking for inttypes.h
configure:15808: result: yes
configure:15808: checking langinfo.h usability
configure:15808: gcc -c -g -O2 -Wall  conftest.c >&5
configure:15808: $? = 0
configure:15808: result: yes
configure:15808: checking langinfo.h presence
configure:15808: gcc -E  conftest.c
configure:15808: $? = 0
configure:15808: result: yes
configure:15808: checking for langinfo.h
configure:15808: result: yes
configure:15808: checking limits.h usability
configure:15808: gcc -c -g -O2 -Wall  conftest.c >&5
configure:15808: $? = 0
configure:15808: result: yes
configure:15808: checking limits.h presence
configure:15808: gcc -E  conftest.c
configure:15808: $? = 0
configure:15808: result: yes
configure:15808: checking for limits.h
configure:15808: result: yes
configure:15808: checking malloc.h usability
configure:15808: gcc -c -g -O2 -Wall  conftest.c >&5
configure:15808: $? = 0
configure:15808: result: yes
configure:15808: checking malloc.h presence
configure:15808: gcc -E  conftest.c
configure:15808: $? = 0
configure:15808: result: yes
configure:15808: checking for malloc.h
configure:15808: result: yes
configure:15808: checking stddef.h usability
configure:15808: gcc -c -g -O2 -Wall  conftest.c >&5
configure:15808: $? = 0
configure:15808: result: yes
configure:15808: checking stddef.h presence
configure:15808: gcc -E  conftest.c
configure:15808: $? = 0
configure:15808: result: yes
configure:15808: checking for stddef.h
configure:15808: result: yes
configure:15808: checking for stdint.h
configure:15808: result: yes
configure:15808: checking for stdlib.h
configure:15808: result: yes
configure:15808: checking for string.h
configure:15808: result: yes
configure:15808: checking sys/time.h usability
configure:15808: gcc -c -g -O2 -Wall  conftest.c >&5
configure:15808: $? = 0
configure:15808: result: yes
configure:15808: checking sys/time.h presence
configure:15808: gcc -E  conftest.c
configure:15808: $? = 0
configure:15808: result: yes
configure:15808: checking for sys/time.h
configure:15808: result: yes
configure:15808: checking syslog.h usability
configure:15808: gcc -c -g -O2 -Wall  conftest.c >&5
configure:15808: $? = 0
configure:15808: result: yes
configure:15808: checking syslog.h presence
configure:15808: gcc -E  conftest.c
configure:15808: $? = 0
configure:15808: result: yes
configure:15808: checking for syslog.h
configure:15808: result: yes
configure:15808: checking for unistd.h
configure:15808: result: yes
configure:15808: checking stdarg.h usability
configure:15808: gcc -c -g -O2 -Wall  conftest.c >&5
configure:15808: $? = 0
configure:15808: result: yes
configure:15808: checking stdarg.h presence
configure:15808: gcc -E  conftest.c
configure:15808: $? = 0
configure:15808: result: yes
configure:15808: checking for stdarg.h
configure:15808: result: yes
configure:15808: checking varargs.h usability
configure:15808: gcc -c -g -O2 -Wall  conftest.c >&5
In file included from conftest.c:72:0:
/usr/lib/gcc/x86_64-linux-gnu/4.8/include/varargs.h:4:2: error: #error "GCC no longer implements <varargs.h>."
 #error "GCC no longer implements <varargs.h>."
  ^
/usr/lib/gcc/x86_64-linux-gnu/4.8/include/varargs.h:5:2: error: #error "Revise your code to use <stdarg.h>."
 #error "Revise your code to use <stdarg.h>."
  ^
configure:15808: $? = 1
configure: failed program was:
| /* confdefs.h */
| #define PACKAGE_NAME ""
| #define PACKAGE_TARNAME ""
| #define PACKAGE_VERSION ""
| #define PACKAGE_STRING ""
| #define PACKAGE_BUGREPORT ""
| #define PACKAGE_URL ""
| #define PACKAGE "log4c"
| #define VERSION "1.2.4"
| #define _GNU_SOURCE 1
| #define STDC_HEADERS 1
| #define HAVE_SYS_TYPES_H 1
| #define HAVE_SYS_STAT_H 1
| #define HAVE_STDLIB_H 1
| #define HAVE_STRING_H 1
| #define HAVE_MEMORY_H 1
| #define HAVE_STRINGS_H 1
| #define HAVE_INTTYPES_H 1
| #define HAVE_STDINT_H 1
| #define HAVE_UNISTD_H 1
| #define HAVE_DLFCN_H 1
| #define LT_OBJDIR ".libs/"
| #define WITH_ROLLINGFILE /**/
| #define STDC_HEADERS 1
| #define HAVE_FCNTL_H 1
| #define HAVE_INTTYPES_H 1
| #define HAVE_LANGINFO_H 1
| #define HAVE_LIMITS_H 1
| #define HAVE_MALLOC_H 1
| #define HAVE_STDDEF_H 1
| #define HAVE_STDINT_H 1
| #define HAVE_STDLIB_H 1
| #define HAVE_STRING_H 1
| #define HAVE_SYS_TIME_H 1
| #define HAVE_SYSLOG_H 1
| #define HAVE_UNISTD_H 1
| #define HAVE_STDARG_H 1
| /* end confdefs.h.  */
| #include <stdio.h>
| #ifdef HAVE_SYS_TYPES_H
| # include <sys/types.h>
| #endif
| #ifdef HAVE_SYS_STAT_H
| # include <sys/stat.h>
| #endif
| #ifdef STDC_HEADERS
| # include <stdlib.h>
| # include <stddef.h>
| #else
| # ifdef HAVE_STDLIB_H
| #  include <stdlib.h>
| # endif
| #endif
| #ifdef HAVE_STRING_H
| # if !defined STDC_HEADERS && defined HAVE_MEMORY_H
| #  include <memory.h>
| # endif
| # include <string.h>
| #endif
| #ifdef HAVE_STRINGS_H
| # include <strings.h>
| #endif
| #ifdef HAVE_INTTYPES_H
| # include <inttypes.h>
| #endif
| #ifdef HAVE_STDINT_H
| # include <stdint.h>
| #endif
| #ifdef HAVE_UNISTD_H
| # include <unistd.h>
| #endif
| #include <varargs.h>
configure:15808: result: no
configure:15808: checking varargs.h presence
configure:15808: gcc -E  conftest.c
In file included from conftest.c:39:0:
/usr/lib/gcc/x86_64-linux-gnu/4.8/include/varargs.h:4:2: error: #error "GCC no longer implements <varargs.h>."
 #error "GCC no longer implements <varargs.h>."
  ^
/usr/lib/gcc/x86_64-linux-gnu/4.8/include/varargs.h:5:2: error: #error "Revise your code to use <stdarg.h>."
 #error "Revise your code to use <stdarg.h>."
  ^
configure:15808: $? = 1
configure: failed program was:
| /* confdefs.h */
| #define PACKAGE_NAME ""
| #define PACKAGE_TARNAME ""
| #define PACKAGE_VERSION ""
| #define PACKAGE_STRING ""
| #define PACKAGE_BUGREPORT ""
| #define PACKAGE_URL ""
| #define PACKAGE "log4c"
| #define VERSION "1.2.4"
| #define _GNU_SOURCE 1
| #define STDC_HEADERS 1
| #define HAVE_SYS_TYPES_H 1
| #define HAVE_SYS_STAT_H 1
| #define HAVE_STDLIB_H 1
| #define HAVE_STRING_H 1
| #define HAVE_MEMORY_H 1
| #define HAVE_STRINGS_H 1
| #define HAVE_INTTYPES_H 1
| #define HAVE_STDINT_H 1
| #define HAVE_UNISTD_H 1
| #define HAVE_DLFCN_H 1
| #define LT_OBJDIR ".libs/"
| #define WITH_ROLLINGFILE /**/
| #define STDC_HEADERS 1
| #define HAVE_FCNTL_H 1
| #define HAVE_INTTYPES_H 1
| #define HAVE_LANGINFO_H 1
| #define HAVE_LIMITS_H 1
| #define HAVE_MALLOC_H 1
| #define HAVE_STDDEF_H 1
| #define HAVE_STDINT_H 1
| #define HAVE_STDLIB_H 1
| #define HAVE_STRING_H 1
| #define HAVE_SYS_TIME_H 1
| #define HAVE_SYSLOG_H 1
| #define HAVE_UNISTD_H 1
| #define HAVE_STDARG_H 1
| /* end confdefs.h.  */
| #include <varargs.h>
configure:15808: result: no
configure:15808: checking for varargs.h
configure:15808: result: no
configure:15808: checking getopt.h usability
configure:15808: gcc -c -g -O2 -Wall  conftest.c >&5
configure:15808: $? = 0
configure:15808: result: yes
configure:15808: checking getopt.h presence
configure:15808: gcc -E  conftest.c
configure:15808: $? = 0
configure:15808: result: yes
configure:15808: checking for getopt.h
configure:15808: result: yes
configure:15808: checking for pthread.h
configure:15808: result: yes
configure:15821: checking for sleep
configure:15821: gcc -o conftest -g -O2 -Wall   conftest.c  -lpthread >&5
configure:15821: $? = 0
configure:15821: result: yes
configure:15821: checking for gmtime_r
configure:15821: gcc -o conftest -g -O2 -Wall   conftest.c  -lpthread >&5
configure:15821: $? = 0
configure:15821: result: yes
configure:15821: checking for localtime_r
configure:15821: gcc -o conftest -g -O2 -Wall   conftest.c  -lpthread >&5
configure:15821: $? = 0
configure:15821: result: yes
configure:15830: checking whether sleep is declared
configure:15830: gcc -c -g -O2 -Wall  conftest.c >&5
configure:15830: $? = 0
configure:15830: result: yes
configure:15842: checking whether gmtime_r is declared
configure:15842: gcc -c -g -O2 -Wall  conftest.c >&5
configure:15842: $? = 0
configure:15842: result: yes
configure:15853: checking whether localtime_r is declared
configure:15853: gcc -c -g -O2 -Wall  conftest.c >&5
configure:15853: $? = 0
configure:15853: result: yes
configure:15867: checking for an ANSI C-conforming const
configure:15933: gcc -c -g -O2 -Wall  conftest.c >&5
configure:15933: $? = 0
configure:15940: result: yes
configure:15948: checking for inline
configure:15964: gcc -c -g -O2 -Wall  conftest.c >&5
configure:15964: $? = 0
configure:15972: result: inline
configure:15990: checking for size_t
configure:15990: gcc -c -g -O2 -Wall  conftest.c >&5
configure:15990: $? = 0
configure:15990: gcc -c -g -O2 -Wall  conftest.c >&5
conftest.c: In function 'main':
conftest.c:83:21: error: expected expression before ')' token
 if (sizeof ((size_t)))
                     ^
configure:15990: $? = 1
configure: failed program was:
| /* confdefs.h */
| #define PACKAGE_NAME ""
| #define PACKAGE_TARNAME ""
| #define PACKAGE_VERSION ""
| #define PACKAGE_STRING ""
| #define PACKAGE_BUGREPORT ""
| #define PACKAGE_URL ""
| #define PACKAGE "log4c"
| #define VERSION "1.2.4"
| #define _GNU_SOURCE 1
| #define STDC_HEADERS 1
| #define HAVE_SYS_TYPES_H 1
| #define HAVE_SYS_STAT_H 1
| #define HAVE_STDLIB_H 1
| #define HAVE_STRING_H 1
| #define HAVE_MEMORY_H 1
| #define HAVE_STRINGS_H 1
| #define HAVE_INTTYPES_H 1
| #define HAVE_STDINT_H 1
| #define HAVE_UNISTD_H 1
| #define HAVE_DLFCN_H 1
| #define LT_OBJDIR ".libs/"
| #define WITH_ROLLINGFILE /**/
| #define STDC_HEADERS 1
| #define HAVE_FCNTL_H 1
| #define HAVE_INTTYPES_H 1
| #define HAVE_LANGINFO_H 1
| #define HAVE_LIMITS_H 1
| #define HAVE_MALLOC_H 1
| #define HAVE_STDDEF_H 1
| #define HAVE_STDINT_H 1
| #define HAVE_STDLIB_H 1
| #define HAVE_STRING_H 1
| #define HAVE_SYS_TIME_H 1
| #define HAVE_SYSLOG_H 1
| #define HAVE_UNISTD_H 1
| #define HAVE_STDARG_H 1
| #define HAVE_GETOPT_H 1
| #define HAVE_PTHREAD_H 1
| #define HAVE_SLEEP 1
| #define HAVE_GMTIME_R 1
| #define HAVE_LOCALTIME_R 1
| #define HAVE_DECL_SLEEP 1
| #define HAVE_DECL_GMTIME_R 1
| #define HAVE_DECL_LOCALTIME_R 1
| /* end confdefs.h.  */
| #include <stdio.h>
| #ifdef HAVE_SYS_TYPES_H
| # include <sys/types.h>
| #endif
| #ifdef HAVE_SYS_STAT_H
| # include <sys/stat.h>
| #endif
| #ifdef STDC_HEADERS
| # include <stdlib.h>
| # include <stddef.h>
| #else
| # ifdef HAVE_STDLIB_H
| #  include <stdlib.h>
| # endif
| #endif
| #ifdef HAVE_STRING_H
| # if !defined STDC_HEADERS && defined HAVE_MEMORY_H
| #  include <memory.h>
| # endif
| # include <string.h>
| #endif
| #ifdef HAVE_STRINGS_H
| # include <strings.h>
| #endif
| #ifdef HAVE_INTTYPES_H
| # include <inttypes.h>
| #endif
| #ifdef HAVE_STDINT_H
| # include <stdint.h>
| #endif
| #ifdef HAVE_UNISTD_H
| # include <unistd.h>
| #endif
| int
| main ()
| {
| if (sizeof ((size_t)))
| 	    return 0;
|   ;
|   return 0;
| }
configure:15990: result: yes
configure:16001: checking whether time.h and sys/time.h may both be included
configure:16021: gcc -c -g -O2 -Wall  conftest.c >&5
configure:16021: $? = 0
configure:16028: result: yes
configure:16036: checking whether struct tm is in sys/time.h or time.h
configure:16056: gcc -c -g -O2 -Wall  conftest.c >&5
configure:16056: $? = 0
configure:16063: result: time.h
configure:16075: checking for working alloca.h
configure:16092: gcc -o conftest -g -O2 -Wall   conftest.c  -lpthread >&5
configure:16092: $? = 0
configure:16100: result: yes
configure:16108: checking for alloca
configure:16145: gcc -o conftest -g -O2 -Wall   conftest.c  -lpthread >&5
configure:16145: $? = 0
configure:16153: result: yes
configure:16265: checking for stdlib.h
configure:16265: result: yes
configure:16265: checking for unistd.h
configure:16265: result: yes
configure:16265: checking for sys/param.h
configure:16265: gcc -c -g -O2 -Wall  conftest.c >&5
configure:16265: $? = 0
configure:16265: result: yes
configure:16265: checking for utime.h
configure:16265: gcc -c -g -O2 -Wall  conftest.c >&5
configure:16265: $? = 0
configure:16265: result: yes
configure:16285: checking for getpagesize
configure:16285: gcc -o conftest -g -O2 -Wall   conftest.c  -lpthread >&5
configure:16285: $? = 0
configure:16285: result: yes
configure:16294: checking for working mmap
configure:16441: gcc -o conftest -g -O2 -Wall   conftest.c  -lpthread >&5
configure:16441: $? = 0
configure:16441: ./conftest
configure:16441: $? = 0
configure:16451: result: yes
configure:16463: checking whether utime accepts a null argument
configure:16492: gcc -o conftest -g -O2 -Wall   conftest.c  -lpthread >&5
configure:16492: $? = 0
configure:16492: ./conftest
configure:16492: $? = 0
configure:16502: result: yes
configure:16514: checking for vprintf
configure:16514: gcc -o conftest -g -O2 -Wall   conftest.c  -lpthread >&5
conftest.c:80:6: warning: conflicting types for built-in function 'vprintf' [enabled by default]
 char vprintf ();
      ^
configure:16514: $? = 0
configure:16514: result: yes
configure:16520: checking for _doprnt
configure:16520: gcc -o conftest -g -O2 -Wall   conftest.c  -lpthread >&5
/tmp/ccEk0Nsj.o: In function `main':
/home/bogo/Desktop/log4c-1.2.4/conftest.c:92: undefined reference to `_doprnt'
collect2: error: ld returned 1 exit status
configure:16520: $? = 1
configure: failed program was:
| /* confdefs.h */
| #define PACKAGE_NAME ""
| #define PACKAGE_TARNAME ""
| #define PACKAGE_VERSION ""
| #define PACKAGE_STRING ""
| #define PACKAGE_BUGREPORT ""
| #define PACKAGE_URL ""
| #define PACKAGE "log4c"
| #define VERSION "1.2.4"
| #define _GNU_SOURCE 1
| #define STDC_HEADERS 1
| #define HAVE_SYS_TYPES_H 1
| #define HAVE_SYS_STAT_H 1
| #define HAVE_STDLIB_H 1
| #define HAVE_STRING_H 1
| #define HAVE_MEMORY_H 1
| #define HAVE_STRINGS_H 1
| #define HAVE_INTTYPES_H 1
| #define HAVE_STDINT_H 1
| #define HAVE_UNISTD_H 1
| #define HAVE_DLFCN_H 1
| #define LT_OBJDIR ".libs/"
| #define WITH_ROLLINGFILE /**/
| #define STDC_HEADERS 1
| #define HAVE_FCNTL_H 1
| #define HAVE_INTTYPES_H 1
| #define HAVE_LANGINFO_H 1
| #define HAVE_LIMITS_H 1
| #define HAVE_MALLOC_H 1
| #define HAVE_STDDEF_H 1
| #define HAVE_STDINT_H 1
| #define HAVE_STDLIB_H 1
| #define HAVE_STRING_H 1
| #define HAVE_SYS_TIME_H 1
| #define HAVE_SYSLOG_H 1
| #define HAVE_UNISTD_H 1
| #define HAVE_STDARG_H 1
| #define HAVE_GETOPT_H 1
| #define HAVE_PTHREAD_H 1
| #define HAVE_SLEEP 1
| #define HAVE_GMTIME_R 1
| #define HAVE_LOCALTIME_R 1
| #define HAVE_DECL_SLEEP 1
| #define HAVE_DECL_GMTIME_R 1
| #define HAVE_DECL_LOCALTIME_R 1
| #define TIME_WITH_SYS_TIME 1
| #define HAVE_ALLOCA_H 1
| #define HAVE_ALLOCA 1
| #define HAVE_STDLIB_H 1
| #define HAVE_UNISTD_H 1
| #define HAVE_SYS_PARAM_H 1
| #define HAVE_UTIME_H 1
| #define HAVE_GETPAGESIZE 1
| #define HAVE_MMAP 1
| #define HAVE_UTIME_NULL 1
| #define HAVE_VPRINTF 1
| /* end confdefs.h.  */
| /* Define _doprnt to an innocuous variant, in case <limits.h> declares _doprnt.
|    For example, HP-UX 11i <limits.h> declares gettimeofday.  */
| #define _doprnt innocuous__doprnt
| 
| /* System header to define __stub macros and hopefully few prototypes,
|     which can conflict with char _doprnt (); below.
|     Prefer <limits.h> to <assert.h> if __STDC__ is defined, since
|     <limits.h> exists even on freestanding compilers.  */
| 
| #ifdef __STDC__
| # include <limits.h>
| #else
| # include <assert.h>
| #endif
| 
| #undef _doprnt
| 
| /* Override any GCC internal prototype to avoid an error.
|    Use char because int might match the return type of a GCC
|    builtin and then its argument prototype would still apply.  */
| #ifdef __cplusplus
| extern "C"
| #endif
| char _doprnt ();
| /* The GNU C library defines this for functions which it implements
|     to always fail with ENOSYS.  Some functions are actually named
|     something starting with __ and the normal name is an alias.  */
| #if defined __stub__doprnt || defined __stub____doprnt
| choke me
| #endif
| 
| int
| main ()
| {
| return _doprnt ();
|   ;
|   return 0;
| }
configure:16520: result: no
configure:16534: checking for gettimeofday
configure:16534: gcc -o conftest -g -O2 -Wall   conftest.c  -lpthread >&5
configure:16534: $? = 0
configure:16534: result: yes
configure:16534: checking for memset
configure:16534: gcc -o conftest -g -O2 -Wall   conftest.c  -lpthread >&5
conftest.c:82:6: warning: conflicting types for built-in function 'memset' [enabled by default]
 char memset ();
      ^
configure:16534: $? = 0
configure:16534: result: yes
configure:16534: checking for munmap
configure:16534: gcc -o conftest -g -O2 -Wall   conftest.c  -lpthread >&5
configure:16534: $? = 0
configure:16534: result: yes
configure:16534: checking for nl_langinfo
configure:16534: gcc -o conftest -g -O2 -Wall   conftest.c  -lpthread >&5
configure:16534: $? = 0
configure:16534: result: yes
configure:16534: checking for strdup
configure:16534: gcc -o conftest -g -O2 -Wall   conftest.c  -lpthread >&5
conftest.c:85:6: warning: conflicting types for built-in function 'strdup' [enabled by default]
 char strdup ();
      ^
configure:16534: $? = 0
configure:16534: result: yes
configure:16534: checking for strerror
configure:16534: gcc -o conftest -g -O2 -Wall   conftest.c  -lpthread >&5
configure:16534: $? = 0
configure:16534: result: yes
configure:16534: checking for strncasecmp
configure:16534: gcc -o conftest -g -O2 -Wall   conftest.c  -lpthread >&5
conftest.c:87:6: warning: conflicting types for built-in function 'strncasecmp' [enabled by default]
 char strncasecmp ();
      ^
configure:16534: $? = 0
configure:16534: result: yes
configure:16534: checking for strrchr
configure:16534: gcc -o conftest -g -O2 -Wall   conftest.c  -lpthread >&5
conftest.c:88:6: warning: conflicting types for built-in function 'strrchr' [enabled by default]
 char strrchr ();
      ^
configure:16534: $? = 0
configure:16534: result: yes
configure:16534: checking for strstr
configure:16534: gcc -o conftest -g -O2 -Wall   conftest.c  -lpthread >&5
conftest.c:89:6: warning: conflicting types for built-in function 'strstr' [enabled by default]
 char strstr ();
      ^
configure:16534: $? = 0
configure:16534: result: yes
configure:16534: checking for utime
configure:16534: gcc -o conftest -g -O2 -Wall   conftest.c  -lpthread >&5
configure:16534: $? = 0
configure:16534: result: yes
configure:16534: checking for sbrk
configure:16534: gcc -o conftest -g -O2 -Wall   conftest.c  -lpthread >&5
configure:16534: $? = 0
configure:16534: result: yes
configure:16547: checking for gethostname
configure:16547: gcc -o conftest -g -O2 -Wall   conftest.c  -lpthread >&5
configure:16547: $? = 0
configure:16547: result: yes
configure:16600: checking for va_copy
configure:16617: gcc -o conftest -g -O2 -Wall   conftest.c  -lpthread >&5
configure:16617: $? = 0
configure:16623: result: yes
configure:16654: checking for doxygen
configure:16687: result: no
configure:16713: checking for dot
configure:16746: result: no
configure:16760: checking for latex
configure:16778: found /usr/bin/latex
configure:16790: result: /usr/bin/latex
configure:16868: checking for EXPAT - version >= 1.95.1
configure:16941: gcc -o conftest -g -O2 -Wall    conftest.c  -lexpat  -lpthread >&5
conftest.c:71:19: fatal error: expat.h: No such file or directory
 #include <expat.h>
                   ^
compilation terminated.
configure:16941: $? = 1
configure: program exited with status 1
configure: failed program was:
| /* confdefs.h */
| #define PACKAGE_NAME ""
| #define PACKAGE_TARNAME ""
| #define PACKAGE_VERSION ""
| #define PACKAGE_STRING ""
| #define PACKAGE_BUGREPORT ""
| #define PACKAGE_URL ""
| #define PACKAGE "log4c"
| #define VERSION "1.2.4"
| #define _GNU_SOURCE 1
| #define STDC_HEADERS 1
| #define HAVE_SYS_TYPES_H 1
| #define HAVE_SYS_STAT_H 1
| #define HAVE_STDLIB_H 1
| #define HAVE_STRING_H 1
| #define HAVE_MEMORY_H 1
| #define HAVE_STRINGS_H 1
| #define HAVE_INTTYPES_H 1
| #define HAVE_STDINT_H 1
| #define HAVE_UNISTD_H 1
| #define HAVE_DLFCN_H 1
| #define LT_OBJDIR ".libs/"
| #define WITH_ROLLINGFILE /**/
| #define STDC_HEADERS 1
| #define HAVE_FCNTL_H 1
| #define HAVE_INTTYPES_H 1
| #define HAVE_LANGINFO_H 1
| #define HAVE_LIMITS_H 1
| #define HAVE_MALLOC_H 1
| #define HAVE_STDDEF_H 1
| #define HAVE_STDINT_H 1
| #define HAVE_STDLIB_H 1
| #define HAVE_STRING_H 1
| #define HAVE_SYS_TIME_H 1
| #define HAVE_SYSLOG_H 1
| #define HAVE_UNISTD_H 1
| #define HAVE_STDARG_H 1
| #define HAVE_GETOPT_H 1
| #define HAVE_PTHREAD_H 1
| #define HAVE_SLEEP 1
| #define HAVE_GMTIME_R 1
| #define HAVE_LOCALTIME_R 1
| #define HAVE_DECL_SLEEP 1
| #define HAVE_DECL_GMTIME_R 1
| #define HAVE_DECL_LOCALTIME_R 1
| #define TIME_WITH_SYS_TIME 1
| #define HAVE_ALLOCA_H 1
| #define HAVE_ALLOCA 1
| #define HAVE_STDLIB_H 1
| #define HAVE_UNISTD_H 1
| #define HAVE_SYS_PARAM_H 1
| #define HAVE_UTIME_H 1
| #define HAVE_GETPAGESIZE 1
| #define HAVE_MMAP 1
| #define HAVE_UTIME_NULL 1
| #define HAVE_VPRINTF 1
| #define HAVE_GETTIMEOFDAY 1
| #define HAVE_MEMSET 1
| #define HAVE_MUNMAP 1
| #define HAVE_NL_LANGINFO 1
| #define HAVE_STRDUP 1
| #define HAVE_STRERROR 1
| #define HAVE_STRNCASECMP 1
| #define HAVE_STRRCHR 1
| #define HAVE_STRSTR 1
| #define HAVE_UTIME 1
| #define HAVE_SBRK 1
| #define HAVE_GETHOSTNAME 1
| /* end confdefs.h.  */
| 
| #include <expat.h>
| #include <stdio.h>
| #include <stdlib.h>
| #include <string.h>
| 
| int
| main ()
| {
|    int expat_major, expat_minor, expat_micro;
|    int major, minor, micro;
|    char *tmp_expat_version;
|    char *tmp_version;
| 
|    system ("touch conf.expattest");
| 
|    /* HP/UX 9 (%@#!) writes to sscanf strings */
|    tmp_expat_version = strdup(XML_ExpatVersion());
|    if (sscanf(tmp_expat_version, "expat_%d.%d.%d", &expat_major, &expat_minor, &expat_micro) != 3) {
|      printf("%s, bad expat version string\n", XML_ExpatVersion());
|      exit(1);
|    }
| 
|    /* HP/UX 9 (%@#!) writes to sscanf strings */
|    tmp_version = strdup("1.95.1");
|    if (sscanf(tmp_version, "%d.%d.%d", &major, &minor, &micro) != 3) {
|      printf("%s, bad version string\n", "1.95.1");
|      exit(1);
|    }
| 
|    if ((expat_major > major) ||
|       ((expat_major == major) && (expat_minor > minor)) ||
|       ((expat_major == major) && (expat_minor == minor) && (expat_micro >= micro)))
|    {
|         return 0;
|    }
|    else
|    {
|         printf("\n*** An old version of EXPAT (%d.%d.%d) was found.\n",
|                expat_major, expat_minor, expat_micro);
|         printf("*** You need a version of EXPAT newer than %d.%d.%d. The latest version of\n",
| 	       major, minor, micro);
|         printf("***\n");
|         printf("*** If you have already installed a sufficiently new version, this error\n");
|         printf("*** probably means that the wrong copy of the expat-config shell script is\n");
|         printf("*** being found. The easiest way to fix this is to remove the old version\n");
|         printf("*** of EXPAT, but you can also set the EXPAT_CONFIG environment to point to the\n");
|         printf("*** correct copy of expat-config. (In this case, you will have to\n");
|         printf("*** modify your LD_LIBRARY_PATH enviroment variable, or edit /etc/ld.so.conf\n");
|         printf("*** so that the correct libraries are found at run-time))\n");
|    }
|    return 1;
| }
| 
configure:16960: result: no
configure:16983: gcc -o conftest -g -O2 -Wall    conftest.c  -lpthread  -lexpat >&5
conftest.c:71:19: fatal error: expat.h: No such file or directory
 #include <expat.h>
                   ^
compilation terminated.
configure:16983: $? = 1
configure: failed program was:
| /* confdefs.h */
| #define PACKAGE_NAME ""
| #define PACKAGE_TARNAME ""
| #define PACKAGE_VERSION ""
| #define PACKAGE_STRING ""
| #define PACKAGE_BUGREPORT ""
| #define PACKAGE_URL ""
| #define PACKAGE "log4c"
| #define VERSION "1.2.4"
| #define _GNU_SOURCE 1
| #define STDC_HEADERS 1
| #define HAVE_SYS_TYPES_H 1
| #define HAVE_SYS_STAT_H 1
| #define HAVE_STDLIB_H 1
| #define HAVE_STRING_H 1
| #define HAVE_MEMORY_H 1
| #define HAVE_STRINGS_H 1
| #define HAVE_INTTYPES_H 1
| #define HAVE_STDINT_H 1
| #define HAVE_UNISTD_H 1
| #define HAVE_DLFCN_H 1
| #define LT_OBJDIR ".libs/"
| #define WITH_ROLLINGFILE /**/
| #define STDC_HEADERS 1
| #define HAVE_FCNTL_H 1
| #define HAVE_INTTYPES_H 1
| #define HAVE_LANGINFO_H 1
| #define HAVE_LIMITS_H 1
| #define HAVE_MALLOC_H 1
| #define HAVE_STDDEF_H 1
| #define HAVE_STDINT_H 1
| #define HAVE_STDLIB_H 1
| #define HAVE_STRING_H 1
| #define HAVE_SYS_TIME_H 1
| #define HAVE_SYSLOG_H 1
| #define HAVE_UNISTD_H 1
| #define HAVE_STDARG_H 1
| #define HAVE_GETOPT_H 1
| #define HAVE_PTHREAD_H 1
| #define HAVE_SLEEP 1
| #define HAVE_GMTIME_R 1
| #define HAVE_LOCALTIME_R 1
| #define HAVE_DECL_SLEEP 1
| #define HAVE_DECL_GMTIME_R 1
| #define HAVE_DECL_LOCALTIME_R 1
| #define TIME_WITH_SYS_TIME 1
| #define HAVE_ALLOCA_H 1
| #define HAVE_ALLOCA 1
| #define HAVE_STDLIB_H 1
| #define HAVE_UNISTD_H 1
| #define HAVE_SYS_PARAM_H 1
| #define HAVE_UTIME_H 1
| #define HAVE_GETPAGESIZE 1
| #define HAVE_MMAP 1
| #define HAVE_UTIME_NULL 1
| #define HAVE_VPRINTF 1
| #define HAVE_GETTIMEOFDAY 1
| #define HAVE_MEMSET 1
| #define HAVE_MUNMAP 1
| #define HAVE_NL_LANGINFO 1
| #define HAVE_STRDUP 1
| #define HAVE_STRERROR 1
| #define HAVE_STRNCASECMP 1
| #define HAVE_STRRCHR 1
| #define HAVE_STRSTR 1
| #define HAVE_UTIME 1
| #define HAVE_SBRK 1
| #define HAVE_GETHOSTNAME 1
| /* end confdefs.h.  */
| 
| #include <expat.h>
| #include <stdio.h>
| 
| int
| main ()
| {
|  return (XML_ExpatVersion());
|   ;
|   return 0;
| }
configure:17143: checking that generated files are newer than configure
configure:17149: result: done
configure:17204: creating ./config.status

## ---------------------- ##
## Running config.status. ##
## ---------------------- ##

This file was extended by config.status, which was
generated by GNU Autoconf 2.69.  Invocation command line was

  CONFIG_FILES    = 
  CONFIG_HEADERS  = 
  CONFIG_LINKS    = 
  CONFIG_COMMANDS = 
  $ ./config.status 

on bogopc

config.status:1243: creating Makefile
config.status:1243: creating log4c-config
config.status:1243: creating log4c.pc
config.status:1243: creating log4crc.sample
config.status:1243: creating log4c.spec
config.status:1243: creating config/Makefile
config.status:1243: creating doc/Makefile
config.status:1243: creating doc/Doxyfile
config.status:1243: creating doc/main.doc
config.status:1243: creating src/Makefile
config.status:1243: creating src/log4c/Makefile
config.status:1243: creating src/log4c/version.h
config.status:1243: creating src/sd/Makefile
config.status:1243: creating tests/Makefile
config.status:1243: creating tests/log4c/Makefile
config.status:1243: creating examples/Makefile
config.status:1243: creating examples/log4crc
config.status:1243: creating examples/helloworld/Makefile
config.status:1243: creating examples/helloworld1/Makefile
config.status:1243: creating src/config.h
config.status:1472: executing depfiles commands
config.status:1472: executing libtool commands
config.status:1472: executing default commands

## ---------------- ##
## Cache variables. ##
## ---------------- ##

ac_cv_build=x86_64-unknown-linux-gnu
ac_cv_c_compiler_gnu=yes
ac_cv_c_const=yes
ac_cv_c_inline=inline
ac_cv_cxx_compiler_gnu=yes
ac_cv_env_CCC_set=
ac_cv_env_CCC_value=
ac_cv_env_CC_set=
ac_cv_env_CC_value=
ac_cv_env_CFLAGS_set=
ac_cv_env_CFLAGS_value=
ac_cv_env_CPPFLAGS_set=
ac_cv_env_CPPFLAGS_value=
ac_cv_env_CPP_set=
ac_cv_env_CPP_value=
ac_cv_env_CXXCPP_set=
ac_cv_env_CXXCPP_value=
ac_cv_env_CXXFLAGS_set=
ac_cv_env_CXXFLAGS_value=
ac_cv_env_CXX_set=
ac_cv_env_CXX_value=
ac_cv_env_LDFLAGS_set=
ac_cv_env_LDFLAGS_value=
ac_cv_env_LIBS_set=
ac_cv_env_LIBS_value=
ac_cv_env_YACC_set=
ac_cv_env_YACC_value=
ac_cv_env_YFLAGS_set=
ac_cv_env_YFLAGS_value=
ac_cv_env_build_alias_set=
ac_cv_env_build_alias_value=
ac_cv_env_host_alias_set=
ac_cv_env_host_alias_value=
ac_cv_env_target_alias_set=
ac_cv_env_target_alias_value=
ac_cv_func__doprnt=no
ac_cv_func_alloca_works=yes
ac_cv_func_gethostname=yes
ac_cv_func_getpagesize=yes
ac_cv_func_gettimeofday=yes
ac_cv_func_gmtime_r=yes
ac_cv_func_localtime_r=yes
ac_cv_func_memset=yes
ac_cv_func_mmap_fixed_mapped=yes
ac_cv_func_munmap=yes
ac_cv_func_nl_langinfo=yes
ac_cv_func_sbrk=yes
ac_cv_func_sleep=yes
ac_cv_func_strdup=yes
ac_cv_func_strerror=yes
ac_cv_func_strncasecmp=yes
ac_cv_func_strrchr=yes
ac_cv_func_strstr=yes
ac_cv_func_utime=yes
ac_cv_func_utime_null=yes
ac_cv_func_vprintf=yes
ac_cv_have_decl_gmtime_r=yes
ac_cv_have_decl_localtime_r=yes
ac_cv_have_decl_sleep=yes
ac_cv_header_alloc_h=no
ac_cv_header_dlfcn_h=yes
ac_cv_header_fcntl_h=yes
ac_cv_header_getopt_h=yes
ac_cv_header_inttypes_h=yes
ac_cv_header_langinfo_h=yes
ac_cv_header_limits_h=yes
ac_cv_header_malloc_h=yes
ac_cv_header_memory_h=yes
ac_cv_header_pthread_h=yes
ac_cv_header_stdarg_h=yes
ac_cv_header_stdc=yes
ac_cv_header_stddef_h=yes
ac_cv_header_stdint_h=yes
ac_cv_header_stdlib_h=yes
ac_cv_header_string_h=yes
ac_cv_header_strings_h=yes
ac_cv_header_sys_param_h=yes
ac_cv_header_sys_stat_h=yes
ac_cv_header_sys_time_h=yes
ac_cv_header_sys_types_h=yes
ac_cv_header_syslog_h=yes
ac_cv_header_time=yes
ac_cv_header_unistd_h=yes
ac_cv_header_utime_h=yes
ac_cv_header_varargs_h=no
ac_cv_host=x86_64-unknown-linux-gnu
ac_cv_lib_pthread_pthread_mutex_init=yes
ac_cv_objext=o
ac_cv_path_EGREP='/bin/grep -E'
ac_cv_path_FGREP='/bin/grep -F'
ac_cv_path_GREP=/bin/grep
ac_cv_path_LATEX=/usr/bin/latex
ac_cv_path_SED=/bin/sed
ac_cv_path_install='/usr/bin/install -c'
ac_cv_path_mkdir=/bin/mkdir
ac_cv_prog_AWK=mawk
ac_cv_prog_CPP='gcc -E'
ac_cv_prog_CXXCPP='g++ -E'
ac_cv_prog_ac_ct_AR=ar
ac_cv_prog_ac_ct_CC=gcc
ac_cv_prog_ac_ct_CXX=g++
ac_cv_prog_ac_ct_MANIFEST_TOOL=mt
ac_cv_prog_ac_ct_OBJDUMP=objdump
ac_cv_prog_ac_ct_RANLIB=ranlib
ac_cv_prog_ac_ct_STRIP=strip
ac_cv_prog_cc_c89=
ac_cv_prog_cc_g=yes
ac_cv_prog_cxx_g=yes
ac_cv_prog_make_make_set=yes
ac_cv_struct_tm=time.h
ac_cv_type_size_t=yes
ac_cv_working_alloca_h=yes
am_cv_CC_dependencies_compiler_type=gcc3
am_cv_CXX_dependencies_compiler_type=gcc3
am_cv_make_support_nested_variables=yes
l4_cv_va_copy=yes
lt_cv_ar_at_file=@
lt_cv_archive_cmds_need_lc=no
lt_cv_deplibs_check_method=pass_all
lt_cv_file_magic_cmd='$MAGIC_CMD'
lt_cv_file_magic_test_file=
lt_cv_ld_reload_flag=-r
lt_cv_nm_interface='BSD nm'
lt_cv_objdir=.libs
lt_cv_path_LD=/usr/bin/ld
lt_cv_path_LDCXX='/usr/bin/ld -m elf_x86_64'
lt_cv_path_NM='/usr/bin/nm -B'
lt_cv_path_mainfest_tool=no
lt_cv_prog_compiler_c_o=yes
lt_cv_prog_compiler_c_o_CXX=yes
lt_cv_prog_compiler_pic='-fPIC -DPIC'
lt_cv_prog_compiler_pic_CXX='-fPIC -DPIC'
lt_cv_prog_compiler_pic_works=yes
lt_cv_prog_compiler_pic_works_CXX=yes
lt_cv_prog_compiler_rtti_exceptions=no
lt_cv_prog_compiler_static_works=yes
lt_cv_prog_compiler_static_works_CXX=yes
lt_cv_prog_gnu_ld=yes
lt_cv_prog_gnu_ldcxx=yes
lt_cv_sharedlib_from_linklib_cmd='printf %s\n'
lt_cv_shlibpath_overrides_runpath=no
lt_cv_sys_global_symbol_pipe='sed -n -e '\''s/^.*[	 ]\([ABCDGIRSTW][ABCDGIRSTW]*\)[	 ][	 ]*\([_A-Za-z][_A-Za-z0-9]*\)$/\1 \2 \2/p'\'' | sed '\''/ __gnu_lto/d'\'''
lt_cv_sys_global_symbol_to_c_name_address='sed -n -e '\''s/^: \([^ ]*\)[ ]*$/  {\"\1\", (void *) 0},/p'\'' -e '\''s/^[ABCDGIRSTW]* \([^ ]*\) \([^ ]*\)$/  {"\2", (void *) \&\2},/p'\'''
lt_cv_sys_global_symbol_to_c_name_address_lib_prefix='sed -n -e '\''s/^: \([^ ]*\)[ ]*$/  {\"\1\", (void *) 0},/p'\'' -e '\''s/^[ABCDGIRSTW]* \([^ ]*\) \(lib[^ ]*\)$/  {"\2", (void *) \&\2},/p'\'' -e '\''s/^[ABCDGIRSTW]* \([^ ]*\) \([^ ]*\)$/  {"lib\2", (void *) \&\2},/p'\'''
lt_cv_sys_global_symbol_to_cdecl='sed -n -e '\''s/^T .* \(.*\)$/extern int \1();/p'\'' -e '\''s/^[ABCDGIRSTW]* .* \(.*\)$/extern char \1;/p'\'''
lt_cv_sys_max_cmd_len=1572864
lt_cv_to_host_file_cmd=func_convert_file_noop
lt_cv_to_tool_file_cmd=func_convert_file_noop

## ----------------- ##
## Output variables. ##
## ----------------- ##

ACLOCAL='${SHELL} /home/bogo/Desktop/log4c-1.2.4/config/missing aclocal-1.13'
ALLOCA=''
AMDEPBACKSLASH='\'
AMDEP_FALSE='#'
AMDEP_TRUE=''
AMTAR='$${TAR-tar}'
AM_BACKSLASH='\'
AM_DEFAULT_V='$(AM_DEFAULT_VERBOSITY)'
AM_DEFAULT_VERBOSITY='1'
AM_V='$(V)'
AR='ar'
AUTOCONF='${SHELL} /home/bogo/Desktop/log4c-1.2.4/config/missing autoconf'
AUTOHEADER='${SHELL} /home/bogo/Desktop/log4c-1.2.4/config/missing autoheader'
AUTOMAKE='${SHELL} /home/bogo/Desktop/log4c-1.2.4/config/missing automake-1.13'
AWK='mawk'
CC='gcc'
CCDEPMODE='depmode=gcc3'
CFLAGS='-g -O2 -Wall'
CPP='gcc -E'
CPPFLAGS=''
CXX='g++'
CXXCPP='g++ -E'
CXXDEPMODE='depmode=gcc3'
CXXFLAGS='-g -O2'
CYGPATH_W='echo'
DEFS='-DHAVE_CONFIG_H'
DEPDIR='.deps'
DLLTOOL='false'
DOC_FALSE=''
DOC_TRUE='#'
DOT=''
DOXYGEN=''
DSYMUTIL=''
DUMPBIN=''
ECHO_C=''
ECHO_N='-n'
ECHO_T=''
EGREP='/bin/grep -E'
EXEEXT=''
EXPAT_CFLAGS=''
EXPAT_LIBS=''
FGREP='/bin/grep -F'
GETHOSTNAME_LIB=''
GREP='/bin/grep'
HAVE_DOT='NO'
HAVE_LATEX='YES'
HAVE_LATEX_FALSE='#'
HAVE_LATEX_TRUE=''
INSTALL_DATA='${INSTALL} -m 644'
INSTALL_PROGRAM='${INSTALL}'
INSTALL_SCRIPT='${INSTALL}'
INSTALL_STRIP_PROGRAM='$(install_sh) -c -s'
LATEX='/usr/bin/latex'
LD='/usr/bin/ld -m elf_x86_64'
LDFLAGS=''
LDFLAGS_NOUNDEFINED=''
LEX='${SHELL} /home/bogo/Desktop/log4c-1.2.4/config/missing flex'
LEXLIB=''
LEX_OUTPUT_ROOT=''
LIBOBJS=''
LIBS=' -lpthread'
LIBTOOL='$(SHELL) $(top_builddir)/libtool'
LIPO=''
LN_S='ln -s'
LOG4C_MAJOR_VERSION='1'
LOG4C_MICRO_VERSION='4'
LOG4C_MINOR_VERSION='2'
LTLIBOBJS=''
LT_VERSION='6:1:3'
MAKEINFO='${SHELL} /home/bogo/Desktop/log4c-1.2.4/config/missing makeinfo'
MANIFEST_TOOL=':'
MKDIR_P='/bin/mkdir -p'
NM='/usr/bin/nm -B'
NMEDIT=''
OBJDUMP='objdump'
OBJEXT='o'
OTOOL64=''
OTOOL=''
PACKAGE='log4c'
PACKAGE_BUGREPORT=''
PACKAGE_NAME=''
PACKAGE_STRING=''
PACKAGE_TARNAME=''
PACKAGE_URL=''
PACKAGE_VERSION=''
PATH_SEPARATOR=':'
RANLIB='ranlib'
SED='/bin/sed'
SET_MAKE=''
SHELL='/bin/bash'
STRIP='strip'
TEST_FALSE=''
TEST_TRUE='#'
USE_EXPAT_FALSE=''
USE_EXPAT_TRUE='#'
VERSION='1.2.4'
WIN32_FALSE=''
WIN32_TRUE='#'
WITH_MMAP_FALSE='#'
WITH_MMAP_TRUE=''
WITH_ROLLINGFILE_FALSE='#'
WITH_ROLLINGFILE_TRUE=''
YACC='yacc'
YFLAGS=''
ac_ct_AR='ar'
ac_ct_CC='gcc'
ac_ct_CXX='g++'
ac_ct_DUMPBIN=''
am__EXEEXT_FALSE=''
am__EXEEXT_TRUE='#'
am__fastdepCC_FALSE='#'
am__fastdepCC_TRUE=''
am__fastdepCXX_FALSE='#'
am__fastdepCXX_TRUE=''
am__include='include'
am__isrc=''
am__leading_dot='.'
am__nodep='_no'
am__quote=''
am__tar='$${TAR-tar} chof - "$$tardir"'
am__untar='$${TAR-tar} xf -'
bindir='${exec_prefix}/bin'
build='x86_64-unknown-linux-gnu'
build_alias=''
build_cpu='x86_64'
build_os='linux-gnu'
build_vendor='unknown'
datadir='${datarootdir}'
datarootdir='${prefix}/share'
docdir='${datarootdir}/doc/${PACKAGE}'
dvidir='${docdir}'
exec_prefix='${prefix}'
host='x86_64-unknown-linux-gnu'
host_alias=''
host_cpu='x86_64'
host_os='linux-gnu'
host_vendor='unknown'
htmldir='${docdir}'
includedir='${prefix}/include'
infodir='${datarootdir}/info'
install_sh='${SHELL} /home/bogo/Desktop/log4c-1.2.4/config/install-sh'
libdir='${exec_prefix}/lib'
libexecdir='${exec_prefix}/libexec'
localedir='${datarootdir}/locale'
localstatedir='${prefix}/var'
mandir='${datarootdir}/man'
mkdir_p='$(MKDIR_P)'
oldincludedir='/usr/include'
pdfdir='${docdir}'
prefix='/home/bogo/Desktop/Geofence/log4c'
program_transform_name='s,x,x,'
psdir='${docdir}'
sbindir='${exec_prefix}/sbin'
sharedstatedir='${prefix}/com'
sysconfdir='${prefix}/etc'
target_alias=''

## ----------- ##
## confdefs.h. ##
## ----------- ##

/* confdefs.h */
#define PACKAGE_NAME ""
#define PACKAGE_TARNAME ""
#define PACKAGE_VERSION ""
#define PACKAGE_STRING ""
#define PACKAGE_BUGREPORT ""
#define PACKAGE_URL ""
#define PACKAGE "log4c"
#define VERSION "1.2.4"
#define _GNU_SOURCE 1
#define STDC_HEADERS 1
#define HAVE_SYS_TYPES_H 1
#define HAVE_SYS_STAT_H 1
#define HAVE_STDLIB_H 1
#define HAVE_STRING_H 1
#define HAVE_MEMORY_H 1
#define HAVE_STRINGS_H 1
#define HAVE_INTTYPES_H 1
#define HAVE_STDINT_H 1
#define HAVE_UNISTD_H 1
#define HAVE_DLFCN_H 1
#define LT_OBJDIR ".libs/"
#define WITH_ROLLINGFILE /**/
#define STDC_HEADERS 1
#define HAVE_FCNTL_H 1
#define HAVE_INTTYPES_H 1
#define HAVE_LANGINFO_H 1
#define HAVE_LIMITS_H 1
#define HAVE_MALLOC_H 1
#define HAVE_STDDEF_H 1
#define HAVE_STDINT_H 1
#define HAVE_STDLIB_H 1
#define HAVE_STRING_H 1
#define HAVE_SYS_TIME_H 1
#define HAVE_SYSLOG_H 1
#define HAVE_UNISTD_H 1
#define HAVE_STDARG_H 1
#define HAVE_GETOPT_H 1
#define HAVE_PTHREAD_H 1
#define HAVE_SLEEP 1
#define HAVE_GMTIME_R 1
#define HAVE_LOCALTIME_R 1
#define HAVE_DECL_SLEEP 1
#define HAVE_DECL_GMTIME_R 1
#define HAVE_DECL_LOCALTIME_R 1
#define TIME_WITH_SYS_TIME 1
#define HAVE_ALLOCA_H 1
#define HAVE_ALLOCA 1
#define HAVE_STDLIB_H 1
#define HAVE_UNISTD_H 1
#define HAVE_SYS_PARAM_H 1
#define HAVE_UTIME_H 1
#define HAVE_GETPAGESIZE 1
#define HAVE_MMAP 1
#define HAVE_UTIME_NULL 1
#define HAVE_VPRINTF 1
#define HAVE_GETTIMEOFDAY 1
#define HAVE_MEMSET 1
#define HAVE_MUNMAP 1
#define HAVE_NL_LANGINFO 1
#define HAVE_STRDUP 1
#define HAVE_STRERROR 1
#define HAVE_STRNCASECMP 1
#define HAVE_STRRCHR 1
#define HAVE_STRSTR 1
#define HAVE_UTIME 1
#define HAVE_SBRK 1
#define HAVE_GETHOSTNAME 1

configure: exit 0
